=== Processing file: templ4.f ===
Date and time: 2025-05-25 22:54:08
Dimension: 4d
==================================================

Copied ..\graduation_data_experiment\sources\4d\templ4.f to ./data/raw\4d\templ4\templ4.f
Command: gfortran -O3 -g -fprofile-arcs -ftest-coverage "./data/raw\4d\templ4\templ4.f" -o "./data/raw\4d\templ4\templ4"
Return code: 0
--------------------------------------------------
Command: "./data/raw\4d\templ4\templ4"
Return code: 0
Output:
 ===START OF templ4=======================
 templ441   -  complete
 templ442   -  complete
 === END OF templ4 =======================

--------------------------------------------------
Command: gcov -b "./data/raw\4d\templ4\templ4.f"
Return code: 0
Output:
File 'data/raw/4d/templ4/templ4.f'
Lines executed:90.70% of 86
Branches executed:100.00% of 98
Taken at least once:85.71% of 98
Calls executed:54.84% of 31
Creating 'templ4.f.gcov'

Lines executed:90.70% of 86

--------------------------------------------------
Copied and removed ./templ4.f.gcov to ./data/raw\4d\templ4\templ4.f.gcov
Command: "../SAPFOR/_bin/Release/Sapfor_F.exe" -parse -spf "./data/raw\4d\templ4\templ4.f"
Return code: 0
Output:
SAPFOR version is 2410, build date: Apr 23 2025 11:52:44, c++ version 201703
  parse file './data/raw\4d\templ4\templ4.f'
  options: -spf 
files compilation order:
  ./data/raw\4d\templ4\templ4.f
Parsing was completed successfully

--------------------------------------------------
Command: "../SAPFOR/_bin/Release/Sapfor_F.exe" -passN GET_STATS_FOR_PREDICTOR -keepDVM
Return code: 0
Output:
SAPFOR version is 2410, build date: Apr 23 2025 11:52:44, c++ version 201703
code for pass GET_STATS_FOR_PREDICTOR is 79
RUN PASS with name VERIFY_FUNC_DECL
  Analyzing: data/raw\4d\templ4\templ4.f
PROFILE: time for this pass = 0.000000 sec (total 0.001000 sec)
RUN PASS with name FILE_LINE_INFO
  Analyzing: data/raw\4d\templ4\templ4.f
  All lines in project 275
PROFILE: time for this pass = 0.000000 sec (total 0.001000 sec)
RUN PASS with name BUILD_INCLUDE_DEPENDENCIES
  Analyzing: data/raw\4d\templ4\templ4.f
PROFILE: time for this pass = 0.000000 sec (total 0.001000 sec)
RUN PASS with name CORRECT_VAR_DECL
  Analyzing: data/raw\4d\templ4\templ4.f
PROFILE: time for this pass = 0.000000 sec (total 0.002000 sec)
RUN PASS with name VERIFY_OPERATORS
  Analyzing: data/raw\4d\templ4\templ4.f
PROFILE: time for this pass = 0.000000 sec (total 0.002000 sec)
RUN PASS with name VERIFY_ENDDO
  Analyzing: data/raw\4d\templ4\templ4.f
PROFILE: time for this pass = 0.000000 sec (total 0.002000 sec)
RUN PASS with name VERIFY_INCLUDES
  Analyzing: data/raw\4d\templ4\templ4.f
PROFILE: time for this pass = 0.000000 sec (total 0.002000 sec)
RUN PASS with name PREPROC_ALLOCATES
  Analyzing: data/raw\4d\templ4\templ4.f
  attribute (51 data/raw\4d\templ4\templ4.f) is added to declaration on line 42 of data/raw\4d\templ4\templ4.f file
  attribute (133 data/raw\4d\templ4\templ4.f) is added to declaration on line 42 of data/raw\4d\templ4\templ4.f file
  attribute (167 data/raw\4d\templ4\templ4.f) is added to declaration on line 158 of data/raw\4d\templ4\templ4.f file
  attribute (263 data/raw\4d\templ4\templ4.f) is added to declaration on line 158 of data/raw\4d\templ4\templ4.f file
PROFILE: time for this pass = 0.000000 sec (total 0.003000 sec)
RUN PASS with name CHECK_PAR_REG_DIR
  Analyzing: data/raw\4d\templ4\templ4.f
PROFILE: time for this pass = 0.000000 sec (total 0.003000 sec)
RUN PASS with name FILL_PARALLEL_REG_IR
  Analyzing: data/raw\4d\templ4\templ4.f
PROFILE: time for this pass = 0.000000 sec (total 0.003000 sec)
RUN PASS with name GET_ALL_ARRAY_DECL
  Analyzing: data/raw\4d\templ4\templ4.f
PROFILE: time for this pass = 0.001000 sec (total 0.004000 sec)
RUN PASS with name FILL_COMMON_BLOCKS
  Analyzing: data/raw\4d\templ4\templ4.f
PROFILE: time for this pass = 0.000000 sec (total 0.004000 sec)
RUN PASS with name PARSE_OMP_DIRS
  Analyzing: data/raw\4d\templ4\templ4.f
PROFILE: time for this pass = 0.000000 sec (total 0.005000 sec)
RUN PASS with name PREPROC_SPF
  Analyzing: data/raw\4d\templ4\templ4.f
PROFILE: time for this pass = 0.000000 sec (total 0.005000 sec)
RUN PASS with name CREATE_INTER_TREE
  Analyzing: data/raw\4d\templ4\templ4.f
PROFILE: time for this pass = 0.000000 sec (total 0.006000 sec)
RUN PASS with name GCOV_PARSER
  Analyzing: data/raw\4d\templ4\templ4.f
   Error: unable to open file statistic.txt
PROFILE: time for this pass = 0.000000 sec (total 0.006000 sec)
RUN PASS with name VERIFY_FORMAT
  Analyzing: data/raw\4d\templ4\templ4.f
PROFILE: time for this pass = 0.000000 sec (total 0.007000 sec)
RUN PASS with name VERIFY_DVM_DIRS
  Analyzing: data/raw\4d\templ4\templ4.f
PROFILE: time for this pass = 0.000000 sec (total 0.007000 sec)
RUN PASS with name PRIVATE_CALL_GRAPH_STAGE1
  Analyzing: data/raw\4d\templ4\templ4.f
PROFILE: time for this pass = 0.000000 sec (total 0.007000 sec)
RUN PASS with name PRIVATE_CALL_GRAPH_STAGE2
  Analyzing: data/raw\4d\templ4\templ4.f
PROFILE: time for this pass = 0.000000 sec (total 0.007000 sec)
RUN PASS with name MACRO_EXPANSION
  Analyzing: data/raw\4d\templ4\templ4.f
PROFILE: time for this pass = 0.000000 sec (total 0.007000 sec)
RUN PASS with name CONVERT_ASSIGN_TO_LOOP
  Analyzing: data/raw\4d\templ4\templ4.f
PROFILE: time for this pass = 0.000000 sec (total 0.008000 sec)
RUN PASS with name DEF_USE_STAGE1
  Analyzing: data/raw\4d\templ4\templ4.f
PROFILE: time for this pass = 0.000000 sec (total 0.008000 sec)
RUN PASS with name DEF_USE_STAGE2
  Analyzing: data/raw\4d\templ4\templ4.f
PROFILE: time for this pass = 0.000000 sec (total 0.008000 sec)
RUN PASS with name VERIFY_COMMON
  Analyzing: data/raw\4d\templ4\templ4.f
PROFILE: time for this pass = 0.000000 sec (total 0.009000 sec)
RUN PASS with name CALL_GRAPH_IR
  Analyzing: data/raw\4d\templ4\templ4.f
PROFILE: time for this pass = 0.000000 sec (total 0.009000 sec)
RUN PASS with name BUILD_IR
  Analyzing: data/raw\4d\templ4\templ4.f
  count of functions 5, count of lvls 3
     RD time for 'ansno' function is 0.000 sec, iters 1
     RD time for 'ansyes' function is 0.000 sec, iters 1

     RD time for 'templ441' function is 0.000 sec, iters 6
     RD time for 'templ442' function is 0.001 sec, iters 6

     RD time for 'templ4' function is 0.000 sec, iters 1

PROFILE: time for this pass = 0.004000 sec (total 0.014000 sec)
RUN PASS with name SUBST_EXPR_RD
  Analyzing: data/raw\4d\templ4\templ4.f
PROFILE: time for this pass = 0.001000 sec (total 0.016000 sec)
RUN PASS with name LOOP_GRAPH
  Analyzing: data/raw\4d\templ4\templ4.f
PROFILE: time for this pass = 0.001000 sec (total 0.017000 sec)
RUN PASS with name CALL_GRAPH
  Analyzing: data/raw\4d\templ4\templ4.f
PROFILE: time for this pass = 0.000000 sec (total 0.018000 sec)
RUN PASS with name CALL_GRAPH2
  Analyzing: data/raw\4d\templ4\templ4.f
  run for func templ4
  run for func templ441
  run for func templ442
  run for func ansyes
  run for func ansno
PROFILE: time for this pass = 0.000000 sec (total 0.019000 sec)
RUN PASS with name GET_STATS_FOR_PREDICTOR
  Analyzing: data/raw\4d\templ4\templ4.f
    PAR LOOP [59 data/raw\4d\templ4\templ4.f] total exec 125, total exec lines 8, avg 1.5625000000000000e+01
    PAR LOOP [70 data/raw\4d\templ4\templ4.f] total exec 67, total exec lines 4, avg 1.6750000000000000e+01
    PAR LOOP [77 data/raw\4d\templ4\templ4.f] total exec 18703, total exec lines 25, avg 7.4812000000000000e+02
    PAR LOOP [175 data/raw\4d\templ4\templ4.f] total exec 125, total exec lines 8, avg 1.5625000000000000e+01
    PAR LOOP [186 data/raw\4d\templ4\templ4.f] total exec 1207, total exec lines 8, avg 1.5087500000000000e+02
    PAR LOOP [198 data/raw\4d\templ4\templ4.f] total exec 16334, total exec lines 27, avg 6.0496296296296293e+02
    average_parallel_exec 4.5701249999999999e+02
    parallel_rate 9.9847065570636595e-01
Internal error at line 315 and file PredictScheme.cpp
exception occurred
WARR - [#1049: data/raw\4d\templ4\templ4.f: line 270]: Function is impure due to this operator usage
WARR - [#1049: data/raw\4d\templ4\templ4.f: line 274]: Function is impure due to this operator usage
WARR - [#1049: data/raw\4d\templ4\templ4.f: line 270]: Function is impure due to this operator usage
WARR - [#1049: data/raw\4d\templ4\templ4.f: line 274]: Function is impure due to this operator usage
WARR - [#1049: data/raw\4d\templ4\templ4.f: line 270]: Function is impure due to this operator usage
WARR - [#1049: data/raw\4d\templ4\templ4.f: line 274]: Function is impure due to this operator usage
WARR - [#1015: data/raw\4d\templ4\templ4.f: line 272]: This function is not called in current project

--------------------------------------------------
Исходный файл ./info.json не существует, копирование невозможно

==================================================
Processing of templ4.f completed successfully at 2025-05-25 22:54:08
