=== Processing file: templ1.f ===
Date and time: 2025-05-25 22:51:58
Dimension: 1d
==================================================

Copied ..\graduation_data_experiment\sources\1d\templ1.f to ./data/raw\1d\templ1\templ1.f
Command: gfortran -O3 -g -fprofile-arcs -ftest-coverage "./data/raw\1d\templ1\templ1.f" -o "./data/raw\1d\templ1\templ1"
Return code: 0
--------------------------------------------------
Command: "./data/raw\1d\templ1\templ1"
Return code: 0
Output:
 ===START OF templ11======================
 templ111   -  complete
 templ121   -  complete
 === END OF templ11 ======================

--------------------------------------------------
Command: gcov -b "./data/raw\1d\templ1\templ1.f"
Return code: 0
Output:
File 'data/raw/1d/templ1/templ1.f'
Lines executed:89.55% of 67
Branches executed:100.00% of 60
Taken at least once:76.67% of 60
Calls executed:54.84% of 31
Creating 'templ1.f.gcov'

Lines executed:89.55% of 67

--------------------------------------------------
Copied and removed ./templ1.f.gcov to ./data/raw\1d\templ1\templ1.f.gcov
Command: "../SAPFOR/_bin/Release/Sapfor_F.exe" -parse -spf "./data/raw\1d\templ1\templ1.f"
Return code: 0
Output:
SAPFOR version is 2410, build date: Apr 23 2025 11:52:44, c++ version 201703
  parse file './data/raw\1d\templ1\templ1.f'
  options: -spf 
files compilation order:
  ./data/raw\1d\templ1\templ1.f
Parsing was completed successfully

--------------------------------------------------
Command: "../SAPFOR/_bin/Release/Sapfor_F.exe" -passN GET_STATS_FOR_PREDICTOR -keepDVM
Return code: 0
Output:
SAPFOR version is 2410, build date: Apr 23 2025 11:52:44, c++ version 201703
code for pass GET_STATS_FOR_PREDICTOR is 79
RUN PASS with name VERIFY_FUNC_DECL
  Analyzing: data/raw\1d\templ1\templ1.f
PROFILE: time for this pass = 0.000000 sec (total 0.001000 sec)
RUN PASS with name FILE_LINE_INFO
  Analyzing: data/raw\1d\templ1\templ1.f
  All lines in project 179
PROFILE: time for this pass = 0.000000 sec (total 0.001000 sec)
RUN PASS with name BUILD_INCLUDE_DEPENDENCIES
  Analyzing: data/raw\1d\templ1\templ1.f
PROFILE: time for this pass = 0.000000 sec (total 0.001000 sec)
RUN PASS with name CORRECT_VAR_DECL
  Analyzing: data/raw\1d\templ1\templ1.f
PROFILE: time for this pass = 0.000000 sec (total 0.001000 sec)
RUN PASS with name VERIFY_OPERATORS
  Analyzing: data/raw\1d\templ1\templ1.f
PROFILE: time for this pass = 0.000000 sec (total 0.001000 sec)
RUN PASS with name VERIFY_ENDDO
  Analyzing: data/raw\1d\templ1\templ1.f
PROFILE: time for this pass = 0.000000 sec (total 0.001000 sec)
RUN PASS with name VERIFY_INCLUDES
  Analyzing: data/raw\1d\templ1\templ1.f
PROFILE: time for this pass = 0.000000 sec (total 0.001000 sec)
RUN PASS with name PREPROC_ALLOCATES
  Analyzing: data/raw\1d\templ1\templ1.f
  attribute (37 data/raw\1d\templ1\templ1.f) is added to declaration on line 28 of data/raw\1d\templ1\templ1.f file
  attribute (82 data/raw\1d\templ1\templ1.f) is added to declaration on line 28 of data/raw\1d\templ1\templ1.f file
  attribute (106 data/raw\1d\templ1\templ1.f) is added to declaration on line 97 of data/raw\1d\templ1\templ1.f file
  attribute (166 data/raw\1d\templ1\templ1.f) is added to declaration on line 97 of data/raw\1d\templ1\templ1.f file
PROFILE: time for this pass = 0.000000 sec (total 0.002000 sec)
RUN PASS with name CHECK_PAR_REG_DIR
  Analyzing: data/raw\1d\templ1\templ1.f
PROFILE: time for this pass = 0.000000 sec (total 0.002000 sec)
RUN PASS with name FILL_PARALLEL_REG_IR
  Analyzing: data/raw\1d\templ1\templ1.f
PROFILE: time for this pass = 0.000000 sec (total 0.002000 sec)
RUN PASS with name GET_ALL_ARRAY_DECL
  Analyzing: data/raw\1d\templ1\templ1.f
PROFILE: time for this pass = 0.000000 sec (total 0.003000 sec)
RUN PASS with name FILL_COMMON_BLOCKS
  Analyzing: data/raw\1d\templ1\templ1.f
PROFILE: time for this pass = 0.000000 sec (total 0.003000 sec)
RUN PASS with name PARSE_OMP_DIRS
  Analyzing: data/raw\1d\templ1\templ1.f
PROFILE: time for this pass = 0.000000 sec (total 0.003000 sec)
RUN PASS with name PREPROC_SPF
  Analyzing: data/raw\1d\templ1\templ1.f
PROFILE: time for this pass = 0.000000 sec (total 0.003000 sec)
RUN PASS with name CREATE_INTER_TREE
  Analyzing: data/raw\1d\templ1\templ1.f
PROFILE: time for this pass = 0.000000 sec (total 0.003000 sec)
RUN PASS with name GCOV_PARSER
  Analyzing: data/raw\1d\templ1\templ1.f
   Error: unable to open file statistic.txt
PROFILE: time for this pass = 0.000000 sec (total 0.004000 sec)
RUN PASS with name VERIFY_FORMAT
  Analyzing: data/raw\1d\templ1\templ1.f
PROFILE: time for this pass = 0.000000 sec (total 0.004000 sec)
RUN PASS with name VERIFY_DVM_DIRS
  Analyzing: data/raw\1d\templ1\templ1.f
PROFILE: time for this pass = 0.000000 sec (total 0.004000 sec)
RUN PASS with name PRIVATE_CALL_GRAPH_STAGE1
  Analyzing: data/raw\1d\templ1\templ1.f
PROFILE: time for this pass = 0.000000 sec (total 0.004000 sec)
RUN PASS with name PRIVATE_CALL_GRAPH_STAGE2
  Analyzing: data/raw\1d\templ1\templ1.f
PROFILE: time for this pass = 0.000000 sec (total 0.004000 sec)
RUN PASS with name MACRO_EXPANSION
  Analyzing: data/raw\1d\templ1\templ1.f
PROFILE: time for this pass = 0.000000 sec (total 0.005000 sec)
RUN PASS with name CONVERT_ASSIGN_TO_LOOP
  Analyzing: data/raw\1d\templ1\templ1.f
PROFILE: time for this pass = 0.000000 sec (total 0.005000 sec)
RUN PASS with name DEF_USE_STAGE1
  Analyzing: data/raw\1d\templ1\templ1.f
PROFILE: time for this pass = 0.000000 sec (total 0.005000 sec)
RUN PASS with name DEF_USE_STAGE2
  Analyzing: data/raw\1d\templ1\templ1.f
PROFILE: time for this pass = 0.000000 sec (total 0.005000 sec)
RUN PASS with name VERIFY_COMMON
  Analyzing: data/raw\1d\templ1\templ1.f
PROFILE: time for this pass = 0.000000 sec (total 0.005000 sec)
RUN PASS with name CALL_GRAPH_IR
  Analyzing: data/raw\1d\templ1\templ1.f
PROFILE: time for this pass = 0.000000 sec (total 0.006000 sec)
RUN PASS with name BUILD_IR
  Analyzing: data/raw\1d\templ1\templ1.f
  count of functions 5, count of lvls 3
     RD time for 'ansno' function is 0.000 sec, iters 1
     RD time for 'ansyes' function is 0.000 sec, iters 1

     RD time for 'templ111' function is 0.000 sec, iters 3
     RD time for 'templ121' function is 0.000 sec, iters 4

     RD time for 'templ11' function is 0.000 sec, iters 1

PROFILE: time for this pass = 0.001000 sec (total 0.007000 sec)
RUN PASS with name SUBST_EXPR_RD
  Analyzing: data/raw\1d\templ1\templ1.f
PROFILE: time for this pass = 0.000000 sec (total 0.008000 sec)
RUN PASS with name LOOP_GRAPH
  Analyzing: data/raw\1d\templ1\templ1.f
PROFILE: time for this pass = 0.000000 sec (total 0.008000 sec)
RUN PASS with name CALL_GRAPH
  Analyzing: data/raw\1d\templ1\templ1.f
PROFILE: time for this pass = 0.000000 sec (total 0.009000 sec)
RUN PASS with name CALL_GRAPH2
  Analyzing: data/raw\1d\templ1\templ1.f
  run for func templ11
  run for func templ111
  run for func templ121
  run for func ansyes
  run for func ansno
PROFILE: time for this pass = 0.000000 sec (total 0.009000 sec)
RUN PASS with name GET_STATS_FOR_PREDICTOR
  Analyzing: data/raw\1d\templ1\templ1.f
    PAR LOOP [43 data/raw\1d\templ1\templ1.f] total exec 18, total exec lines 2, avg 9.0000000000000000e+00
    PAR LOOP [48 data/raw\1d\templ1\templ1.f] total exec 10, total exec lines 2, avg 5.0000000000000000e+00
    PAR LOOP [53 data/raw\1d\templ1\templ1.f] total exec 147, total exec lines 15, avg 9.8000000000000007e+00
    PAR LOOP [114 data/raw\1d\templ1\templ1.f] total exec 227, total exec lines 4, avg 5.6750000000000000e+01
    PAR LOOP [121 data/raw\1d\templ1\templ1.f] total exec 67, total exec lines 4, avg 1.6750000000000000e+01
    PAR LOOP [128 data/raw\1d\templ1\templ1.f] total exec 880, total exec lines 21, avg 4.1904761904761905e+01
    average_parallel_exec 2.8104166666666668e+01
    parallel_rate 9.3810848400556324e-01
Internal error at line 315 and file PredictScheme.cpp
exception occurred
WARR - [#1049: data/raw\1d\templ1\templ1.f: line 174]: Function is impure due to this operator usage
WARR - [#1049: data/raw\1d\templ1\templ1.f: line 178]: Function is impure due to this operator usage
WARR - [#1049: data/raw\1d\templ1\templ1.f: line 174]: Function is impure due to this operator usage
WARR - [#1049: data/raw\1d\templ1\templ1.f: line 178]: Function is impure due to this operator usage
WARR - [#1049: data/raw\1d\templ1\templ1.f: line 174]: Function is impure due to this operator usage
WARR - [#1049: data/raw\1d\templ1\templ1.f: line 178]: Function is impure due to this operator usage
WARR - [#1015: data/raw\1d\templ1\templ1.f: line 176]: This function is not called in current project

--------------------------------------------------
Исходный файл ./info.json не существует, копирование невозможно

==================================================
Processing of templ1.f completed successfully at 2025-05-25 22:51:59
