=== Processing file: templ2.f ===
Date and time: 2025-05-25 22:52:32
Dimension: 2d
==================================================

Copied ..\graduation_data_experiment\sources\2d\templ2.f to ./data/raw\2d\templ2\templ2.f
Command: gfortran -O3 -g -fprofile-arcs -ftest-coverage "./data/raw\2d\templ2\templ2.f" -o "./data/raw\2d\templ2\templ2"
Return code: 0
--------------------------------------------------
Command: "./data/raw\2d\templ2\templ2"
Return code: 0
Output:
 ===START OF templ2=======================
 templ211   -  complete
 templ221   -  complete
 === END OF templ2 =======================

--------------------------------------------------
Command: gcov -b "./data/raw\2d\templ2\templ2.f"
Return code: 0
Output:
File 'data/raw/2d/templ2/templ2.f'
Lines executed:92.65% of 68
Branches executed:100.00% of 68
Taken at least once:79.41% of 68
Calls executed:58.62% of 29
Creating 'templ2.f.gcov'

Lines executed:92.65% of 68

--------------------------------------------------
Copied and removed ./templ2.f.gcov to ./data/raw\2d\templ2\templ2.f.gcov
Command: "../SAPFOR/_bin/Release/Sapfor_F.exe" -parse -spf "./data/raw\2d\templ2\templ2.f"
Return code: 0
Output:
SAPFOR version is 2410, build date: Apr 23 2025 11:52:44, c++ version 201703
  parse file './data/raw\2d\templ2\templ2.f'
  options: -spf 
files compilation order:
  ./data/raw\2d\templ2\templ2.f
Parsing was completed successfully

--------------------------------------------------
Command: "../SAPFOR/_bin/Release/Sapfor_F.exe" -passN GET_STATS_FOR_PREDICTOR -keepDVM
Return code: 0
Output:
SAPFOR version is 2410, build date: Apr 23 2025 11:52:44, c++ version 201703
code for pass GET_STATS_FOR_PREDICTOR is 79
RUN PASS with name VERIFY_FUNC_DECL
  Analyzing: data/raw\2d\templ2\templ2.f
PROFILE: time for this pass = 0.000000 sec (total 0.021000 sec)
RUN PASS with name FILE_LINE_INFO
  Analyzing: data/raw\2d\templ2\templ2.f
  All lines in project 193
PROFILE: time for this pass = 0.000000 sec (total 0.021000 sec)
RUN PASS with name BUILD_INCLUDE_DEPENDENCIES
  Analyzing: data/raw\2d\templ2\templ2.f
PROFILE: time for this pass = 0.000000 sec (total 0.021000 sec)
RUN PASS with name CORRECT_VAR_DECL
  Analyzing: data/raw\2d\templ2\templ2.f
PROFILE: time for this pass = 0.000000 sec (total 0.021000 sec)
RUN PASS with name VERIFY_OPERATORS
  Analyzing: data/raw\2d\templ2\templ2.f
PROFILE: time for this pass = 0.000000 sec (total 0.022000 sec)
RUN PASS with name VERIFY_ENDDO
  Analyzing: data/raw\2d\templ2\templ2.f
PROFILE: time for this pass = 0.000000 sec (total 0.022000 sec)
RUN PASS with name VERIFY_INCLUDES
  Analyzing: data/raw\2d\templ2\templ2.f
PROFILE: time for this pass = 0.000000 sec (total 0.022000 sec)
RUN PASS with name PREPROC_ALLOCATES
  Analyzing: data/raw\2d\templ2\templ2.f
  attribute (41 data/raw\2d\templ2\templ2.f) is added to declaration on line 32 of data/raw\2d\templ2\templ2.f file
  attribute (98 data/raw\2d\templ2\templ2.f) is added to declaration on line 32 of data/raw\2d\templ2\templ2.f file
  attribute (122 data/raw\2d\templ2\templ2.f) is added to declaration on line 113 of data/raw\2d\templ2\templ2.f file
PROFILE: time for this pass = 0.000000 sec (total 0.022000 sec)
RUN PASS with name CHECK_PAR_REG_DIR
  Analyzing: data/raw\2d\templ2\templ2.f
PROFILE: time for this pass = 0.000000 sec (total 0.022000 sec)
RUN PASS with name FILL_PARALLEL_REG_IR
  Analyzing: data/raw\2d\templ2\templ2.f
PROFILE: time for this pass = 0.000000 sec (total 0.022000 sec)
RUN PASS with name GET_ALL_ARRAY_DECL
  Analyzing: data/raw\2d\templ2\templ2.f
PROFILE: time for this pass = 0.000000 sec (total 0.023000 sec)
RUN PASS with name FILL_COMMON_BLOCKS
  Analyzing: data/raw\2d\templ2\templ2.f
PROFILE: time for this pass = 0.000000 sec (total 0.023000 sec)
RUN PASS with name PARSE_OMP_DIRS
  Analyzing: data/raw\2d\templ2\templ2.f
PROFILE: time for this pass = 0.000000 sec (total 0.024000 sec)
RUN PASS with name PREPROC_SPF
  Analyzing: data/raw\2d\templ2\templ2.f
PROFILE: time for this pass = 0.000000 sec (total 0.024000 sec)
RUN PASS with name CREATE_INTER_TREE
  Analyzing: data/raw\2d\templ2\templ2.f
PROFILE: time for this pass = 0.002000 sec (total 0.026000 sec)
RUN PASS with name GCOV_PARSER
  Analyzing: data/raw\2d\templ2\templ2.f
   Error: unable to open file statistic.txt
PROFILE: time for this pass = 0.000000 sec (total 0.027000 sec)
RUN PASS with name VERIFY_FORMAT
  Analyzing: data/raw\2d\templ2\templ2.f
PROFILE: time for this pass = 0.000000 sec (total 0.027000 sec)
RUN PASS with name VERIFY_DVM_DIRS
  Analyzing: data/raw\2d\templ2\templ2.f
PROFILE: time for this pass = 0.000000 sec (total 0.027000 sec)
RUN PASS with name PRIVATE_CALL_GRAPH_STAGE1
  Analyzing: data/raw\2d\templ2\templ2.f
PROFILE: time for this pass = 0.000000 sec (total 0.027000 sec)
RUN PASS with name PRIVATE_CALL_GRAPH_STAGE2
  Analyzing: data/raw\2d\templ2\templ2.f
PROFILE: time for this pass = 0.000000 sec (total 0.028000 sec)
RUN PASS with name MACRO_EXPANSION
  Analyzing: data/raw\2d\templ2\templ2.f
PROFILE: time for this pass = 0.000000 sec (total 0.028000 sec)
RUN PASS with name CONVERT_ASSIGN_TO_LOOP
  Analyzing: data/raw\2d\templ2\templ2.f
PROFILE: time for this pass = 0.000000 sec (total 0.028000 sec)
RUN PASS with name DEF_USE_STAGE1
  Analyzing: data/raw\2d\templ2\templ2.f
PROFILE: time for this pass = 0.000000 sec (total 0.028000 sec)
RUN PASS with name DEF_USE_STAGE2
  Analyzing: data/raw\2d\templ2\templ2.f
PROFILE: time for this pass = 0.000000 sec (total 0.028000 sec)
RUN PASS with name VERIFY_COMMON
  Analyzing: data/raw\2d\templ2\templ2.f
PROFILE: time for this pass = 0.000000 sec (total 0.029000 sec)
RUN PASS with name CALL_GRAPH_IR
  Analyzing: data/raw\2d\templ2\templ2.f
PROFILE: time for this pass = 0.000000 sec (total 0.029000 sec)
RUN PASS with name BUILD_IR
  Analyzing: data/raw\2d\templ2\templ2.f
  count of functions 5, count of lvls 3
     RD time for 'ansyes' function is 0.000 sec, iters 1
     RD time for 'ansno' function is 0.000 sec, iters 1

     RD time for 'templ211' function is 0.000 sec, iters 4
     RD time for 'templ221' function is 0.000 sec, iters 4

     RD time for 'templ2' function is 0.000 sec, iters 1

PROFILE: time for this pass = 0.001000 sec (total 0.030000 sec)
RUN PASS with name SUBST_EXPR_RD
  Analyzing: data/raw\2d\templ2\templ2.f
PROFILE: time for this pass = 0.000000 sec (total 0.031000 sec)
RUN PASS with name LOOP_GRAPH
  Analyzing: data/raw\2d\templ2\templ2.f
PROFILE: time for this pass = 0.000000 sec (total 0.032000 sec)
RUN PASS with name CALL_GRAPH
  Analyzing: data/raw\2d\templ2\templ2.f
PROFILE: time for this pass = 0.000000 sec (total 0.032000 sec)
RUN PASS with name CALL_GRAPH2
  Analyzing: data/raw\2d\templ2\templ2.f
  run for func templ2
  run for func templ211
  run for func templ221
  run for func ansyes
  run for func ansno
PROFILE: time for this pass = 0.000000 sec (total 0.033000 sec)
RUN PASS with name GET_STATS_FOR_PREDICTOR
  Analyzing: data/raw\2d\templ2\templ2.f
    PAR LOOP [49 data/raw\2d\templ2\templ2.f] total exec 18, total exec lines 2, avg 9.0000000000000000e+00
    PAR LOOP [54 data/raw\2d\templ2\templ2.f] total exec 67, total exec lines 4, avg 1.6750000000000000e+01
    PAR LOOP [61 data/raw\2d\templ2\templ2.f] total exec 1753, total exec lines 20, avg 8.7650000000000006e+01
    PAR LOOP [130 data/raw\2d\templ2\templ2.f] total exec 227, total exec lines 4, avg 5.6750000000000000e+01
    PAR LOOP [137 data/raw\2d\templ2\templ2.f] total exec 67, total exec lines 4, avg 1.6750000000000000e+01
    PAR LOOP [144 data/raw\2d\templ2\templ2.f] total exec 2013, total exec lines 19, avg 1.0594736842105263e+02
    average_parallel_exec 7.8207547169811320e+01
    parallel_rate 9.7805568664464371e-01
Internal error at line 315 and file PredictScheme.cpp
exception occurred
WARR - [#1049: data/raw\2d\templ2\templ2.f: line 188]: Function is impure due to this operator usage
WARR - [#1049: data/raw\2d\templ2\templ2.f: line 192]: Function is impure due to this operator usage
WARR - [#1049: data/raw\2d\templ2\templ2.f: line 188]: Function is impure due to this operator usage
WARR - [#1049: data/raw\2d\templ2\templ2.f: line 192]: Function is impure due to this operator usage
WARR - [#1049: data/raw\2d\templ2\templ2.f: line 188]: Function is impure due to this operator usage
WARR - [#1049: data/raw\2d\templ2\templ2.f: line 192]: Function is impure due to this operator usage
WARR - [#1015: data/raw\2d\templ2\templ2.f: line 190]: This function is not called in current project

--------------------------------------------------
Исходный файл ./info.json не существует, копирование невозможно

==================================================
Processing of templ2.f completed successfully at 2025-05-25 22:52:33
