=== Processing file: type21.f ===
Date and time: 2025-05-25 22:52:33
Dimension: 2d
==================================================

Copied ..\graduation_data_experiment\sources\2d\type21.f to ./data/raw\2d\type21\type21.f
Command: gfortran -O3 -g -fprofile-arcs -ftest-coverage "./data/raw\2d\type21\type21.f" -o "./data/raw\2d\type21\type21"
Return code: 0
--------------------------------------------------
Command: "./data/raw\2d\type21\type21"
Return code: 0
Output:
 ====== START OF TYPE21 ==========
 type21 - complete
 === END OF TYPE21 =======================

--------------------------------------------------
Command: gcov -b "./data/raw\2d\type21\type21.f"
Return code: 0
Output:
File 'data/raw/2d/type21/type21.f'
Lines executed:87.50% of 32
Branches executed:100.00% of 40
Taken at least once:87.50% of 40
Calls executed:80.00% of 15
Creating 'type21.f.gcov'

Lines executed:87.50% of 32

--------------------------------------------------
Copied and removed ./type21.f.gcov to ./data/raw\2d\type21\type21.f.gcov
Command: "../SAPFOR/_bin/Release/Sapfor_F.exe" -parse -spf "./data/raw\2d\type21\type21.f"
Return code: 0
Output:
SAPFOR version is 2410, build date: Apr 23 2025 11:52:44, c++ version 201703
  parse file './data/raw\2d\type21\type21.f'
  options: -spf 
files compilation order:
  ./data/raw\2d\type21\type21.f
Parsing was completed successfully

--------------------------------------------------
Command: "../SAPFOR/_bin/Release/Sapfor_F.exe" -passN GET_STATS_FOR_PREDICTOR -keepDVM
Return code: 0
Output:
SAPFOR version is 2410, build date: Apr 23 2025 11:52:44, c++ version 201703
code for pass GET_STATS_FOR_PREDICTOR is 79
RUN PASS with name VERIFY_FUNC_DECL
  Analyzing: data/raw\2d\type21\type21.f
PROFILE: time for this pass = 0.000000 sec (total 0.001000 sec)
RUN PASS with name FILE_LINE_INFO
  Analyzing: data/raw\2d\type21\type21.f
  All lines in project 88
PROFILE: time for this pass = 0.000000 sec (total 0.002000 sec)
RUN PASS with name BUILD_INCLUDE_DEPENDENCIES
  Analyzing: data/raw\2d\type21\type21.f
PROFILE: time for this pass = 0.000000 sec (total 0.002000 sec)
RUN PASS with name CORRECT_VAR_DECL
  Analyzing: data/raw\2d\type21\type21.f
PROFILE: time for this pass = 0.000000 sec (total 0.002000 sec)
RUN PASS with name VERIFY_OPERATORS
  Analyzing: data/raw\2d\type21\type21.f
exception occurred
ERROR - [#1027: data/raw\2d\type21\type21.f: line 30]: More than one operator found on a line, try to run Code correction pass
ERROR - [#1027: data/raw\2d\type21\type21.f: line 31]: More than one operator found on a line, try to run Code correction pass
ERROR - [#1027: data/raw\2d\type21\type21.f: line 55]: More than one operator found on a line, try to run Code correction pass
ERROR - [#1027: data/raw\2d\type21\type21.f: line 55]: More than one operator found on a line, try to run Code correction pass

--------------------------------------------------
Исходный файл ./info.json не существует, копирование невозможно

==================================================
Processing of type21.f completed successfully at 2025-05-25 22:52:33
